<?xml version="1.0" encoding="UTF-8"?>
<!-- Generated by org.testng.reporters.JUnitReportReporter -->
<testsuite hostname="ema" failures="0" tests="4" name="selenium.miPrimerTest" time="18.710" errors="0" timestamp="21 ago. 2019 03:12:33 GMT" skipped="0">
  <testcase classname="selenium.miPrimerTest" name="registration" time="11.028"/>
  <testcase classname="selenium.miPrimerTest" name="LogIn" time="3.299"/>
  <testcase classname="selenium.miPrimerTest" name="Search" time="2.634"/>
  <testcase classname="selenium.miPrimerTest" name="Logout" time="1.749"/>
</testsuite> <!-- selenium.miPrimerTest -->
